{"uuid":"016f4088-f890-4939-ac0b-e48c595da246","historyId":"8c1687b4c9d2d7290a574047a33ed868","testCaseId":"a983ddceb6612fdc0ec5eaef1562d9b","fullName":"src/test/resources/SystemUser-ISO.feature:133","labels":[{"name":"host","value":"DESKTOP-FS5IQ2I"},{"name":"thread","value":"7244@DESKTOP-FS5IQ2I.main(1)"},{"name":"feature","value":"System Users - ISO Onboarding Regression"},{"name":"story","value":"System Maker can enter mandatory fields and click Next step in \"Discount Rate\" of Aggregator Onboarding"},{"name":"suite","value":"System Users - ISO Onboarding Regression"},{"name":"testClass","value":"System Maker can enter mandatory fields and click Next step in \"Discount Rate\" of Aggregator Onboarding"},{"name":"framework","value":"cucumber6jvm"},{"name":"language","value":"java"},{"name":"gherkin_uri","value":"file:///C:/Users/DELL%207480/eclipse-workspace/MMSCredopay/src/test/resources/SystemUser-ISO.feature"},{"name":"package","value":"src.test.resources.SystemUser-ISO_feature.System Users - ISO Onboarding Regression"}],"links":[],"name":"System Maker can enter mandatory fields and click Next step in \"Discount Rate\" of Aggregator Onboarding","status":"broken","statusDetails":{"known":false,"muted":false,"flaky":false,"message":"no such element: Unable to locate element: {\"method\":\"xpath\",\"selector\":\"//mat-select[@formcontrolname='channel']\"}\n  (Session info: chrome=128.0.6613.84)\nFor documentation on this error, please visit: https://www.selenium.dev/documentation/webdriver/troubleshooting/errors#no-such-element-exception\nBuild info: version: '4.20.0', revision: '866c76ca80'\nSystem info: os.name: 'Windows 11', os.arch: 'amd64', os.version: '10.0', java.version: '17.0.11'\nDriver info: org.openqa.selenium.chrome.ChromeDriver\nCommand: [e12abaf10a0766a6b562f43e68418042, findElement {value=//mat-select[@formcontrolname='channel'], using=xpath}]\nCapabilities {acceptInsecureCerts: false, browserName: chrome, browserVersion: 128.0.6613.84, chrome: {chromedriverVersion: 128.0.6613.119 (6e439cfca4d..., userDataDir: C:\\WINDOWS\\TEMP\\scoped_dir2...}, fedcm:accounts: true, goog:chromeOptions: {debuggerAddress: localhost:59990}, networkConnectionEnabled: false, pageLoadStrategy: normal, platformName: windows, proxy: Proxy(), se:cdp: ws://localhost:59990/devtoo..., se:cdpVersion: 128.0.6613.84, setWindowRect: true, strictFileInteractability: false, timeouts: {implicit: 0, pageLoad: 300000, script: 30000}, unhandledPromptBehavior: dismiss and notify, webauthn:extension:credBlob: true, webauthn:extension:largeBlob: true, webauthn:extension:minPinLength: true, webauthn:extension:prf: true, webauthn:virtualAuthenticators: true}\nSession ID: e12abaf10a0766a6b562f43e68418042","trace":"org.openqa.selenium.NoSuchElementException: no such element: Unable to locate element: {\"method\":\"xpath\",\"selector\":\"//mat-select[@formcontrolname='channel']\"}\n  (Session info: chrome=128.0.6613.84)\nFor documentation on this error, please visit: https://www.selenium.dev/documentation/webdriver/troubleshooting/errors#no-such-element-exception\nBuild info: version: '4.20.0', revision: '866c76ca80'\nSystem info: os.name: 'Windows 11', os.arch: 'amd64', os.version: '10.0', java.version: '17.0.11'\nDriver info: org.openqa.selenium.chrome.ChromeDriver\nCommand: [e12abaf10a0766a6b562f43e68418042, findElement {value=//mat-select[@formcontrolname='channel'], using=xpath}]\nCapabilities {acceptInsecureCerts: false, browserName: chrome, browserVersion: 128.0.6613.84, chrome: {chromedriverVersion: 128.0.6613.119 (6e439cfca4d..., userDataDir: C:\\WINDOWS\\TEMP\\scoped_dir2...}, fedcm:accounts: true, goog:chromeOptions: {debuggerAddress: localhost:59990}, networkConnectionEnabled: false, pageLoadStrategy: normal, platformName: windows, proxy: Proxy(), se:cdp: ws://localhost:59990/devtoo..., se:cdpVersion: 128.0.6613.84, setWindowRect: true, strictFileInteractability: false, timeouts: {implicit: 0, pageLoad: 300000, script: 30000}, unhandledPromptBehavior: dismiss and notify, webauthn:extension:credBlob: true, webauthn:extension:largeBlob: true, webauthn:extension:minPinLength: true, webauthn:extension:prf: true, webauthn:virtualAuthenticators: true}\nSession ID: e12abaf10a0766a6b562f43e68418042\r\n\tat jdk.internal.reflect.GeneratedConstructorAccessor38.newInstance(Unknown Source)\r\n\tat java.base/jdk.internal.reflect.DelegatingConstructorAccessorImpl.newInstance(DelegatingConstructorAccessorImpl.java:45)\r\n\tat java.base/java.lang.reflect.Constructor.newInstanceWithCaller(Constructor.java:499)\r\n\tat java.base/java.lang.reflect.Constructor.newInstance(Constructor.java:480)\r\n\tat org.openqa.selenium.remote.ErrorCodec.decode(ErrorCodec.java:167)\r\n\tat org.openqa.selenium.remote.codec.w3c.W3CHttpResponseCodec.decode(W3CHttpResponseCodec.java:138)\r\n\tat org.openqa.selenium.remote.codec.w3c.W3CHttpResponseCodec.decode(W3CHttpResponseCodec.java:50)\r\n\tat org.openqa.selenium.remote.HttpCommandExecutor.execute(HttpCommandExecutor.java:190)\r\n\tat org.openqa.selenium.remote.service.DriverCommandExecutor.invokeExecute(DriverCommandExecutor.java:216)\r\n\tat org.openqa.selenium.remote.service.DriverCommandExecutor.execute(DriverCommandExecutor.java:174)\r\n\tat org.openqa.selenium.remote.RemoteWebDriver.execute(RemoteWebDriver.java:518)\r\n\tat org.openqa.selenium.remote.ElementLocation$ElementFinder$2.findElement(ElementLocation.java:165)\r\n\tat org.openqa.selenium.remote.ElementLocation.findElement(ElementLocation.java:59)\r\n\tat org.openqa.selenium.remote.RemoteWebDriver.findElement(RemoteWebDriver.java:355)\r\n\tat org.openqa.selenium.remote.RemoteWebDriver.findElement(RemoteWebDriver.java:349)\r\n\tat org.openqa.selenium.support.pagefactory.DefaultElementLocator.findElement(DefaultElementLocator.java:68)\r\n\tat org.openqa.selenium.support.pagefactory.internal.LocatingElementHandler.invoke(LocatingElementHandler.java:38)\r\n\tat jdk.proxy2/jdk.proxy2.$Proxy37.click(Unknown Source)\r\n\tat org.Locators.AggregatorLocators.ClickOnChannel(AggregatorLocators.java:2858)\r\n\tat org.Testcases.AggregatorOnboardingTestcases.POS_Channel_fieldshould_promptto_select_thetransaction_setsbased_onthe_giveninput_inAggregator(AggregatorOnboardingTestcases.java:4171)\r\n\tat ✽.the \"POS Channel\" field should prompt to select the channels based on the given input in Aggregator(file:///C:/Users/DELL%207480/eclipse-workspace/MMSCredopay/src/test/resources/SystemUser-ISO.feature:136)\r\n"},"stage":"finished","description":" This feature aims to test the functionality of the 'ISO Onboarding' within the application.","steps":[{"name":"When I visit the Discount Rate","status":"passed","statusDetails":{"known":false,"muted":false,"flaky":false},"stage":"finished","steps":[],"attachments":[],"parameters":[],"start":1725436831031,"stop":1725436848734},{"name":"Then the Discount Rate \"ADD\" button should be prompted to click","status":"passed","statusDetails":{"known":false,"muted":false,"flaky":false},"stage":"finished","steps":[],"attachments":[],"parameters":[],"start":1725436848734,"stop":1725436867358},{"name":"Then the \"POS Channel\" field should prompt to select the channels based on the given input in Aggregator","status":"broken","statusDetails":{"known":false,"muted":false,"flaky":false,"message":"no such element: Unable to locate element: {\"method\":\"xpath\",\"selector\":\"//mat-select[@formcontrolname='channel']\"}\n  (Session info: chrome=128.0.6613.84)\nFor documentation on this error, please visit: https://www.selenium.dev/documentation/webdriver/troubleshooting/errors#no-such-element-exception\nBuild info: version: '4.20.0', revision: '866c76ca80'\nSystem info: os.name: 'Windows 11', os.arch: 'amd64', os.version: '10.0', java.version: '17.0.11'\nDriver info: org.openqa.selenium.chrome.ChromeDriver\nCommand: [e12abaf10a0766a6b562f43e68418042, findElement {value=//mat-select[@formcontrolname='channel'], using=xpath}]\nCapabilities {acceptInsecureCerts: false, browserName: chrome, browserVersion: 128.0.6613.84, chrome: {chromedriverVersion: 128.0.6613.119 (6e439cfca4d..., userDataDir: C:\\WINDOWS\\TEMP\\scoped_dir2...}, fedcm:accounts: true, goog:chromeOptions: {debuggerAddress: localhost:59990}, networkConnectionEnabled: false, pageLoadStrategy: normal, platformName: windows, proxy: Proxy(), se:cdp: ws://localhost:59990/devtoo..., se:cdpVersion: 128.0.6613.84, setWindowRect: true, strictFileInteractability: false, timeouts: {implicit: 0, pageLoad: 300000, script: 30000}, unhandledPromptBehavior: dismiss and notify, webauthn:extension:credBlob: true, webauthn:extension:largeBlob: true, webauthn:extension:minPinLength: true, webauthn:extension:prf: true, webauthn:virtualAuthenticators: true}\nSession ID: e12abaf10a0766a6b562f43e68418042","trace":"org.openqa.selenium.NoSuchElementException: no such element: Unable to locate element: {\"method\":\"xpath\",\"selector\":\"//mat-select[@formcontrolname='channel']\"}\n  (Session info: chrome=128.0.6613.84)\nFor documentation on this error, please visit: https://www.selenium.dev/documentation/webdriver/troubleshooting/errors#no-such-element-exception\nBuild info: version: '4.20.0', revision: '866c76ca80'\nSystem info: os.name: 'Windows 11', os.arch: 'amd64', os.version: '10.0', java.version: '17.0.11'\nDriver info: org.openqa.selenium.chrome.ChromeDriver\nCommand: [e12abaf10a0766a6b562f43e68418042, findElement {value=//mat-select[@formcontrolname='channel'], using=xpath}]\nCapabilities {acceptInsecureCerts: false, browserName: chrome, browserVersion: 128.0.6613.84, chrome: {chromedriverVersion: 128.0.6613.119 (6e439cfca4d..., userDataDir: C:\\WINDOWS\\TEMP\\scoped_dir2...}, fedcm:accounts: true, goog:chromeOptions: {debuggerAddress: localhost:59990}, networkConnectionEnabled: false, pageLoadStrategy: normal, platformName: windows, proxy: Proxy(), se:cdp: ws://localhost:59990/devtoo..., se:cdpVersion: 128.0.6613.84, setWindowRect: true, strictFileInteractability: false, timeouts: {implicit: 0, pageLoad: 300000, script: 30000}, unhandledPromptBehavior: dismiss and notify, webauthn:extension:credBlob: true, webauthn:extension:largeBlob: true, webauthn:extension:minPinLength: true, webauthn:extension:prf: true, webauthn:virtualAuthenticators: true}\nSession ID: e12abaf10a0766a6b562f43e68418042\r\n\tat jdk.internal.reflect.GeneratedConstructorAccessor38.newInstance(Unknown Source)\r\n\tat java.base/jdk.internal.reflect.DelegatingConstructorAccessorImpl.newInstance(DelegatingConstructorAccessorImpl.java:45)\r\n\tat java.base/java.lang.reflect.Constructor.newInstanceWithCaller(Constructor.java:499)\r\n\tat java.base/java.lang.reflect.Constructor.newInstance(Constructor.java:480)\r\n\tat org.openqa.selenium.remote.ErrorCodec.decode(ErrorCodec.java:167)\r\n\tat org.openqa.selenium.remote.codec.w3c.W3CHttpResponseCodec.decode(W3CHttpResponseCodec.java:138)\r\n\tat org.openqa.selenium.remote.codec.w3c.W3CHttpResponseCodec.decode(W3CHttpResponseCodec.java:50)\r\n\tat org.openqa.selenium.remote.HttpCommandExecutor.execute(HttpCommandExecutor.java:190)\r\n\tat org.openqa.selenium.remote.service.DriverCommandExecutor.invokeExecute(DriverCommandExecutor.java:216)\r\n\tat org.openqa.selenium.remote.service.DriverCommandExecutor.execute(DriverCommandExecutor.java:174)\r\n\tat org.openqa.selenium.remote.RemoteWebDriver.execute(RemoteWebDriver.java:518)\r\n\tat org.openqa.selenium.remote.ElementLocation$ElementFinder$2.findElement(ElementLocation.java:165)\r\n\tat org.openqa.selenium.remote.ElementLocation.findElement(ElementLocation.java:59)\r\n\tat org.openqa.selenium.remote.RemoteWebDriver.findElement(RemoteWebDriver.java:355)\r\n\tat org.openqa.selenium.remote.RemoteWebDriver.findElement(RemoteWebDriver.java:349)\r\n\tat org.openqa.selenium.support.pagefactory.DefaultElementLocator.findElement(DefaultElementLocator.java:68)\r\n\tat org.openqa.selenium.support.pagefactory.internal.LocatingElementHandler.invoke(LocatingElementHandler.java:38)\r\n\tat jdk.proxy2/jdk.proxy2.$Proxy37.click(Unknown Source)\r\n\tat org.Locators.AggregatorLocators.ClickOnChannel(AggregatorLocators.java:2858)\r\n\tat org.Testcases.AggregatorOnboardingTestcases.POS_Channel_fieldshould_promptto_select_thetransaction_setsbased_onthe_giveninput_inAggregator(AggregatorOnboardingTestcases.java:4171)\r\n\tat ✽.the \"POS Channel\" field should prompt to select the channels based on the given input in Aggregator(file:///C:/Users/DELL%207480/eclipse-workspace/MMSCredopay/src/test/resources/SystemUser-ISO.feature:136)\r\n"},"stage":"finished","steps":[],"attachments":[],"parameters":[],"start":1725436867358,"stop":1725436872428},{"name":"Then the POS \"Pricing Plan\" field should prompt to select the channels based on the given input in Aggregator","status":"skipped","statusDetails":{"known":false,"muted":false,"flaky":false},"stage":"finished","steps":[],"attachments":[],"parameters":[],"start":1725436872433,"stop":1725436872433},{"name":"Then the DiscountRate \"Save\" button should be prompted to click","status":"skipped","statusDetails":{"known":false,"muted":false,"flaky":false},"stage":"finished","steps":[],"attachments":[],"parameters":[],"start":1725436872433,"stop":1725436872434},{"name":"Then the Discount Rate \"ADD\" button should be prompted to click","status":"skipped","statusDetails":{"known":false,"muted":false,"flaky":false},"stage":"finished","steps":[],"attachments":[],"parameters":[],"start":1725436872435,"stop":1725436872436},{"name":"Then the \"UPI Channel\" field should prompt to select the channels based on the given input in Aggregator","status":"skipped","statusDetails":{"known":false,"muted":false,"flaky":false},"stage":"finished","steps":[],"attachments":[],"parameters":[],"start":1725436872437,"stop":1725436872437},{"name":"Then the UPI \"Pricing Plan\" field should prompt to select the channels based on the given input in Aggregator","status":"skipped","statusDetails":{"known":false,"muted":false,"flaky":false},"stage":"finished","steps":[],"attachments":[],"parameters":[],"start":1725436872438,"stop":1725436872438},{"name":"Then the DiscountRate \"Save\" button should be prompted to click","status":"skipped","statusDetails":{"known":false,"muted":false,"flaky":false},"stage":"finished","steps":[],"attachments":[],"parameters":[],"start":1725436872438,"stop":1725436872439},{"name":"Then the Discount Rate \"ADD\" button should be prompted to click","status":"skipped","statusDetails":{"known":false,"muted":false,"flaky":false},"stage":"finished","steps":[],"attachments":[],"parameters":[],"start":1725436872439,"stop":1725436872440},{"name":"Then the \"AEPS Channel\" field should prompt to select the channels based on the given input in Aggregator","status":"skipped","statusDetails":{"known":false,"muted":false,"flaky":false},"stage":"finished","steps":[],"attachments":[],"parameters":[],"start":1725436872440,"stop":1725436872440},{"name":"Then the AEPS \"Pricing Plan\" field should prompt to select the channels based on the given input in Aggregator","status":"skipped","statusDetails":{"known":false,"muted":false,"flaky":false},"stage":"finished","steps":[],"attachments":[],"parameters":[],"start":1725436872441,"stop":1725436872442},{"name":"Then the DiscountRate \"Save\" button should be prompted to click","status":"skipped","statusDetails":{"known":false,"muted":false,"flaky":false},"stage":"finished","steps":[],"attachments":[],"parameters":[],"start":1725436872442,"stop":1725436872443},{"name":"Then the \"NextStep\" button should be prompted to click on Risk Info","status":"skipped","statusDetails":{"known":false,"muted":false,"flaky":false},"stage":"finished","steps":[],"attachments":[],"parameters":[],"start":1725436872443,"stop":1725436872444}],"attachments":[],"parameters":[],"start":1725436831031,"stop":1725436872446}