{"uuid":"06fa330a-5a9d-4efa-a33f-1935bffecc34","historyId":"7f78f9ace748f42d334172f857c85316","testCaseId":"802c40e2fd4d0ef87b4f8c5e12d01fdc","fullName":"src/test/resources/SystemUser-Bank.feature:72","labels":[{"name":"tag","value":"run"},{"name":"host","value":"DESKTOP-FS5IQ2I"},{"name":"thread","value":"34940@DESKTOP-FS5IQ2I.main(1)"},{"name":"feature","value":"System Users - Bank Onboarding Regression"},{"name":"story","value":"System Maker can enter mandatory fields and click Next step in \"Channel Config\" of Bank Onboarding"},{"name":"suite","value":"System Users - Bank Onboarding Regression"},{"name":"testClass","value":"System Maker can enter mandatory fields and click Next step in \"Channel Config\" of Bank Onboarding"},{"name":"framework","value":"cucumber6jvm"},{"name":"language","value":"java"},{"name":"gherkin_uri","value":"file:///C:/Users/DELL%207480/eclipse-workspace/MMSCredopay/src/test/resources/SystemUser-Bank.feature"},{"name":"package","value":"src.test.resources.SystemUser-Bank_feature.System Users - Bank Onboarding Regression"}],"links":[],"name":"System Maker can enter mandatory fields and click Next step in \"Channel Config\" of Bank Onboarding","status":"broken","statusDetails":{"known":false,"muted":false,"flaky":false,"message":"Step [the Channel Bank Onboarding should prompt users to enter valid inputs using the sheet name {string}] is defined with 2 parameters at 'org.Testcases.SystemUserRegressionTestcases.processAllData(java.lang.String,int)'.\nHowever, the gherkin step has 1 arguments:\n * \"Channel\"\nStep text: the Channel Bank Onboarding should prompt users to enter valid inputs using the sheet name \"Channel\"","trace":"io.cucumber.core.exception.CucumberException: Step [the Channel Bank Onboarding should prompt users to enter valid inputs using the sheet name {string}] is defined with 2 parameters at 'org.Testcases.SystemUserRegressionTestcases.processAllData(java.lang.String,int)'.\nHowever, the gherkin step has 1 arguments:\n * \"Channel\"\nStep text: the Channel Bank Onboarding should prompt users to enter valid inputs using the sheet name \"Channel\"\r\n\tat io.cucumber.core.runner.PickleStepDefinitionMatch.arityMismatch(PickleStepDefinitionMatch.java:83)\r\n\tat io.cucumber.core.runner.PickleStepDefinitionMatch.runStep(PickleStepDefinitionMatch.java:42)\r\n\tat io.cucumber.core.runner.ExecutionMode$1.execute(ExecutionMode.java:10)\r\n\tat io.cucumber.core.runner.TestStep.executeStep(TestStep.java:92)\r\n\tat io.cucumber.core.runner.TestStep.run(TestStep.java:64)\r\n\tat io.cucumber.core.runner.PickleStepTestStep.run(PickleStepTestStep.java:51)\r\n\tat io.cucumber.core.runner.TestCase.run(TestCase.java:104)\r\n\tat io.cucumber.core.runner.Runner.runPickle(Runner.java:73)\r\n\tat io.cucumber.junit.PickleRunners$NoStepDescriptions.run(PickleRunners.java:151)\r\n\tat io.cucumber.junit.FeatureRunner.runChild(FeatureRunner.java:135)\r\n\tat io.cucumber.junit.FeatureRunner.runChild(FeatureRunner.java:27)\r\n\tat org.junit.runners.ParentRunner$4.run(ParentRunner.java:331)\r\n\tat org.junit.runners.ParentRunner$1.schedule(ParentRunner.java:79)\r\n\tat org.junit.runners.ParentRunner.runChildren(ParentRunner.java:329)\r\n\tat org.junit.runners.ParentRunner.access$100(ParentRunner.java:66)\r\n\tat org.junit.runners.ParentRunner$2.evaluate(ParentRunner.java:293)\r\n\tat org.junit.runners.ParentRunner$3.evaluate(ParentRunner.java:306)\r\n\tat org.junit.runners.ParentRunner.run(ParentRunner.java:413)\r\n\tat io.cucumber.junit.Cucumber.runChild(Cucumber.java:200)\r\n\tat io.cucumber.junit.Cucumber.runChild(Cucumber.java:90)\r\n\tat org.junit.runners.ParentRunner$4.run(ParentRunner.java:331)\r\n\tat org.junit.runners.ParentRunner$1.schedule(ParentRunner.java:79)\r\n\tat org.junit.runners.ParentRunner.runChildren(ParentRunner.java:329)\r\n\tat org.junit.runners.ParentRunner.access$100(ParentRunner.java:66)\r\n\tat org.junit.runners.ParentRunner$2.evaluate(ParentRunner.java:293)\r\n\tat io.cucumber.junit.Cucumber$RunCucumber.evaluate(Cucumber.java:235)\r\n\tat org.junit.runners.ParentRunner$3.evaluate(ParentRunner.java:306)\r\n\tat org.junit.runners.ParentRunner.run(ParentRunner.java:413)\r\n\tat org.eclipse.jdt.internal.junit4.runner.JUnit4TestReference.run(JUnit4TestReference.java:93)\r\n\tat org.eclipse.jdt.internal.junit.runner.TestExecution.run(TestExecution.java:40)\r\n\tat org.eclipse.jdt.internal.junit.runner.RemoteTestRunner.runTests(RemoteTestRunner.java:529)\r\n\tat org.eclipse.jdt.internal.junit.runner.RemoteTestRunner.runTests(RemoteTestRunner.java:757)\r\n\tat org.eclipse.jdt.internal.junit.runner.RemoteTestRunner.run(RemoteTestRunner.java:452)\r\n\tat org.eclipse.jdt.internal.junit.runner.RemoteTestRunner.main(RemoteTestRunner.java:210)\r\n"},"stage":"finished","description":" This feature aims to test the functionality of the 'BankOnboarding' within the application.","steps":[{"name":"When I visit the Channel Config","status":"passed","statusDetails":{"known":false,"muted":false,"flaky":false},"stage":"finished","steps":[],"attachments":[],"parameters":[],"start":1725516661198,"stop":1725516664456},{"name":"Then the Channel Bank Onboarding should prompt users to enter valid inputs using the sheet name \"Channel\"","status":"broken","statusDetails":{"known":false,"muted":false,"flaky":false,"message":"Step [the Channel Bank Onboarding should prompt users to enter valid inputs using the sheet name {string}] is defined with 2 parameters at 'org.Testcases.SystemUserRegressionTestcases.processAllData(java.lang.String,int)'.\nHowever, the gherkin step has 1 arguments:\n * \"Channel\"\nStep text: the Channel Bank Onboarding should prompt users to enter valid inputs using the sheet name \"Channel\"","trace":"io.cucumber.core.exception.CucumberException: Step [the Channel Bank Onboarding should prompt users to enter valid inputs using the sheet name {string}] is defined with 2 parameters at 'org.Testcases.SystemUserRegressionTestcases.processAllData(java.lang.String,int)'.\nHowever, the gherkin step has 1 arguments:\n * \"Channel\"\nStep text: the Channel Bank Onboarding should prompt users to enter valid inputs using the sheet name \"Channel\"\r\n\tat io.cucumber.core.runner.PickleStepDefinitionMatch.arityMismatch(PickleStepDefinitionMatch.java:83)\r\n\tat io.cucumber.core.runner.PickleStepDefinitionMatch.runStep(PickleStepDefinitionMatch.java:42)\r\n\tat io.cucumber.core.runner.ExecutionMode$1.execute(ExecutionMode.java:10)\r\n\tat io.cucumber.core.runner.TestStep.executeStep(TestStep.java:92)\r\n\tat io.cucumber.core.runner.TestStep.run(TestStep.java:64)\r\n\tat io.cucumber.core.runner.PickleStepTestStep.run(PickleStepTestStep.java:51)\r\n\tat io.cucumber.core.runner.TestCase.run(TestCase.java:104)\r\n\tat io.cucumber.core.runner.Runner.runPickle(Runner.java:73)\r\n\tat io.cucumber.junit.PickleRunners$NoStepDescriptions.run(PickleRunners.java:151)\r\n\tat io.cucumber.junit.FeatureRunner.runChild(FeatureRunner.java:135)\r\n\tat io.cucumber.junit.FeatureRunner.runChild(FeatureRunner.java:27)\r\n\tat org.junit.runners.ParentRunner$4.run(ParentRunner.java:331)\r\n\tat org.junit.runners.ParentRunner$1.schedule(ParentRunner.java:79)\r\n\tat org.junit.runners.ParentRunner.runChildren(ParentRunner.java:329)\r\n\tat org.junit.runners.ParentRunner.access$100(ParentRunner.java:66)\r\n\tat org.junit.runners.ParentRunner$2.evaluate(ParentRunner.java:293)\r\n\tat org.junit.runners.ParentRunner$3.evaluate(ParentRunner.java:306)\r\n\tat org.junit.runners.ParentRunner.run(ParentRunner.java:413)\r\n\tat io.cucumber.junit.Cucumber.runChild(Cucumber.java:200)\r\n\tat io.cucumber.junit.Cucumber.runChild(Cucumber.java:90)\r\n\tat org.junit.runners.ParentRunner$4.run(ParentRunner.java:331)\r\n\tat org.junit.runners.ParentRunner$1.schedule(ParentRunner.java:79)\r\n\tat org.junit.runners.ParentRunner.runChildren(ParentRunner.java:329)\r\n\tat org.junit.runners.ParentRunner.access$100(ParentRunner.java:66)\r\n\tat org.junit.runners.ParentRunner$2.evaluate(ParentRunner.java:293)\r\n\tat io.cucumber.junit.Cucumber$RunCucumber.evaluate(Cucumber.java:235)\r\n\tat org.junit.runners.ParentRunner$3.evaluate(ParentRunner.java:306)\r\n\tat org.junit.runners.ParentRunner.run(ParentRunner.java:413)\r\n\tat org.eclipse.jdt.internal.junit4.runner.JUnit4TestReference.run(JUnit4TestReference.java:93)\r\n\tat org.eclipse.jdt.internal.junit.runner.TestExecution.run(TestExecution.java:40)\r\n\tat org.eclipse.jdt.internal.junit.runner.RemoteTestRunner.runTests(RemoteTestRunner.java:529)\r\n\tat org.eclipse.jdt.internal.junit.runner.RemoteTestRunner.runTests(RemoteTestRunner.java:757)\r\n\tat org.eclipse.jdt.internal.junit.runner.RemoteTestRunner.run(RemoteTestRunner.java:452)\r\n\tat org.eclipse.jdt.internal.junit.runner.RemoteTestRunner.main(RemoteTestRunner.java:210)\r\n"},"stage":"finished","steps":[],"attachments":[],"parameters":[],"start":1725516664456,"stop":1725516664461}],"attachments":[],"parameters":[],"start":1725516661143,"stop":1725516664466}