{"uuid":"678ff663-3936-4fd3-ad65-34134e7a2933","historyId":"81bca6198a00d0b7ccae8348b4ad0272","testCaseId":"1b56428e4bdd887f8d64f08c5061d613","fullName":"src/test/resources/SystemUser-ISO.feature:54","labels":[{"name":"host","value":"DESKTOP-FS5IQ2I"},{"name":"thread","value":"25292@DESKTOP-FS5IQ2I.main(1)"},{"name":"feature","value":"System Users - ISO Onboarding Regression"},{"name":"story","value":"System Maker can enter mandatory fields and click Next step in \"Company Info\" of Aggregator Onboarding"},{"name":"suite","value":"System Users - ISO Onboarding Regression"},{"name":"testClass","value":"System Maker can enter mandatory fields and click Next step in \"Company Info\" of Aggregator Onboarding"},{"name":"framework","value":"cucumber6jvm"},{"name":"language","value":"java"},{"name":"gherkin_uri","value":"file:///C:/Users/DELL%207480/eclipse-workspace/MMSCredopay/src/test/resources/SystemUser-ISO.feature"},{"name":"package","value":"src.test.resources.SystemUser-ISO_feature.System Users - ISO Onboarding Regression"}],"links":[],"name":"System Maker can enter mandatory fields and click Next step in \"Company Info\" of Aggregator Onboarding","status":"broken","statusDetails":{"known":false,"muted":false,"flaky":false,"message":"no such window: target window already closed\nfrom unknown error: web view not found\n  (Session info: chrome=128.0.6613.84)\nBuild info: version: '4.20.0', revision: '866c76ca80'\nSystem info: os.name: 'Windows 11', os.arch: 'amd64', os.version: '10.0', java.version: '17.0.11'\nDriver info: org.openqa.selenium.chrome.ChromeDriver\nCommand: [c2403a76405c1acea1c8582010fe0839, findElement {value=//input[@formcontrolname='registerPin'], using=xpath}]\nCapabilities {acceptInsecureCerts: false, browserName: chrome, browserVersion: 128.0.6613.84, chrome: {chromedriverVersion: 128.0.6613.119 (6e439cfca4d..., userDataDir: C:\\WINDOWS\\TEMP\\scoped_dir2...}, fedcm:accounts: true, goog:chromeOptions: {debuggerAddress: localhost:59327}, networkConnectionEnabled: false, pageLoadStrategy: normal, platformName: windows, proxy: Proxy(), se:cdp: ws://localhost:59327/devtoo..., se:cdpVersion: 128.0.6613.84, setWindowRect: true, strictFileInteractability: false, timeouts: {implicit: 0, pageLoad: 300000, script: 30000}, unhandledPromptBehavior: dismiss and notify, webauthn:extension:credBlob: true, webauthn:extension:largeBlob: true, webauthn:extension:minPinLength: true, webauthn:extension:prf: true, webauthn:virtualAuthenticators: true}\nSession ID: c2403a76405c1acea1c8582010fe0839","trace":"org.openqa.selenium.NoSuchWindowException: no such window: target window already closed\nfrom unknown error: web view not found\n  (Session info: chrome=128.0.6613.84)\nBuild info: version: '4.20.0', revision: '866c76ca80'\nSystem info: os.name: 'Windows 11', os.arch: 'amd64', os.version: '10.0', java.version: '17.0.11'\nDriver info: org.openqa.selenium.chrome.ChromeDriver\nCommand: [c2403a76405c1acea1c8582010fe0839, findElement {value=//input[@formcontrolname='registerPin'], using=xpath}]\nCapabilities {acceptInsecureCerts: false, browserName: chrome, browserVersion: 128.0.6613.84, chrome: {chromedriverVersion: 128.0.6613.119 (6e439cfca4d..., userDataDir: C:\\WINDOWS\\TEMP\\scoped_dir2...}, fedcm:accounts: true, goog:chromeOptions: {debuggerAddress: localhost:59327}, networkConnectionEnabled: false, pageLoadStrategy: normal, platformName: windows, proxy: Proxy(), se:cdp: ws://localhost:59327/devtoo..., se:cdpVersion: 128.0.6613.84, setWindowRect: true, strictFileInteractability: false, timeouts: {implicit: 0, pageLoad: 300000, script: 30000}, unhandledPromptBehavior: dismiss and notify, webauthn:extension:credBlob: true, webauthn:extension:largeBlob: true, webauthn:extension:minPinLength: true, webauthn:extension:prf: true, webauthn:virtualAuthenticators: true}\nSession ID: c2403a76405c1acea1c8582010fe0839\r\n\tat java.base/jdk.internal.reflect.NativeConstructorAccessorImpl.newInstance0(Native Method)\r\n\tat java.base/jdk.internal.reflect.NativeConstructorAccessorImpl.newInstance(NativeConstructorAccessorImpl.java:77)\r\n\tat java.base/jdk.internal.reflect.DelegatingConstructorAccessorImpl.newInstance(DelegatingConstructorAccessorImpl.java:45)\r\n\tat java.base/java.lang.reflect.Constructor.newInstanceWithCaller(Constructor.java:499)\r\n\tat java.base/java.lang.reflect.Constructor.newInstance(Constructor.java:480)\r\n\tat org.openqa.selenium.remote.ErrorCodec.decode(ErrorCodec.java:167)\r\n\tat org.openqa.selenium.remote.codec.w3c.W3CHttpResponseCodec.decode(W3CHttpResponseCodec.java:138)\r\n\tat org.openqa.selenium.remote.codec.w3c.W3CHttpResponseCodec.decode(W3CHttpResponseCodec.java:50)\r\n\tat org.openqa.selenium.remote.HttpCommandExecutor.execute(HttpCommandExecutor.java:190)\r\n\tat org.openqa.selenium.remote.service.DriverCommandExecutor.invokeExecute(DriverCommandExecutor.java:216)\r\n\tat org.openqa.selenium.remote.service.DriverCommandExecutor.execute(DriverCommandExecutor.java:174)\r\n\tat org.openqa.selenium.remote.RemoteWebDriver.execute(RemoteWebDriver.java:518)\r\n\tat org.openqa.selenium.remote.ElementLocation$ElementFinder$2.findElement(ElementLocation.java:165)\r\n\tat org.openqa.selenium.remote.ElementLocation.findElement(ElementLocation.java:59)\r\n\tat org.openqa.selenium.remote.RemoteWebDriver.findElement(RemoteWebDriver.java:355)\r\n\tat org.openqa.selenium.remote.RemoteWebDriver.findElement(RemoteWebDriver.java:349)\r\n\tat org.openqa.selenium.support.pagefactory.DefaultElementLocator.findElement(DefaultElementLocator.java:68)\r\n\tat org.openqa.selenium.support.pagefactory.internal.LocatingElementHandler.invoke(LocatingElementHandler.java:38)\r\n\tat jdk.proxy2/jdk.proxy2.$Proxy37.getAttribute(Unknown Source)\r\n\tat org.Locators.AggregatorLocators.getRegisteredPincode(AggregatorLocators.java:1542)\r\n\tat org.Testcases.AggregatorOnboardingTestcases.thePincode_dropdown_should_prompt_to_select_valid_inputs(AggregatorOnboardingTestcases.java:963)\r\n\tat ✽.the \"Registered Pincode\" dropdown should prompt to select valid inputs(file:///C:/Users/DELL%207480/eclipse-workspace/MMSCredopay/src/test/resources/SystemUser-ISO.feature:59)\r\n"},"stage":"finished","description":" This feature aims to test the functionality of the 'ISO Onboarding' within the application.","steps":[{"name":"When I Visit the Company Info","status":"passed","statusDetails":{"known":false,"muted":false,"flaky":false},"stage":"finished","steps":[],"attachments":[],"parameters":[],"start":1725435536292,"stop":1725435542866},{"name":"Then the \"Legal Name\" field should prompt to enter valid inputs using sheetname \"ISO Regression\" and rownumber 0","status":"passed","statusDetails":{"known":false,"muted":false,"flaky":false},"stage":"finished","steps":[],"attachments":[{"name":"Input Datas","source":"2d7a4b05-3099-4ad2-96ff-aa1488216bb2-attachment.html","type":"text/html"}],"parameters":[],"start":1725435542867,"stop":1725435552952},{"name":"Then the \"Brand Name\" field should prompt to enter valid inputs using sheetname \"ISO Regression\" and rownumber 0","status":"passed","statusDetails":{"known":false,"muted":false,"flaky":false},"stage":"finished","steps":[],"attachments":[{"name":"Input Datas","source":"f0f76055-c27b-4ff5-b9f1-82b7bdb4200c-attachment.html","type":"text/html"}],"parameters":[],"start":1725435552952,"stop":1725435562695},{"name":"Then the \"Registered Address\" field should prompt to enter valid inputs within 230 characters using sheetname \"ISO Regression\" and rownumber 0","status":"passed","statusDetails":{"known":false,"muted":false,"flaky":false},"stage":"finished","steps":[],"attachments":[{"name":"Input Datas","source":"eafca828-61a8-4acc-b11e-e2bc3df54d4d-attachment.html","type":"text/html"}],"parameters":[],"start":1725435562696,"stop":1725435570412},{"name":"Then the \"Registered Pincode\" dropdown should prompt to select valid inputs","status":"broken","statusDetails":{"known":false,"muted":false,"flaky":false,"message":"no such window: target window already closed\nfrom unknown error: web view not found\n  (Session info: chrome=128.0.6613.84)\nBuild info: version: '4.20.0', revision: '866c76ca80'\nSystem info: os.name: 'Windows 11', os.arch: 'amd64', os.version: '10.0', java.version: '17.0.11'\nDriver info: org.openqa.selenium.chrome.ChromeDriver\nCommand: [c2403a76405c1acea1c8582010fe0839, findElement {value=//input[@formcontrolname='registerPin'], using=xpath}]\nCapabilities {acceptInsecureCerts: false, browserName: chrome, browserVersion: 128.0.6613.84, chrome: {chromedriverVersion: 128.0.6613.119 (6e439cfca4d..., userDataDir: C:\\WINDOWS\\TEMP\\scoped_dir2...}, fedcm:accounts: true, goog:chromeOptions: {debuggerAddress: localhost:59327}, networkConnectionEnabled: false, pageLoadStrategy: normal, platformName: windows, proxy: Proxy(), se:cdp: ws://localhost:59327/devtoo..., se:cdpVersion: 128.0.6613.84, setWindowRect: true, strictFileInteractability: false, timeouts: {implicit: 0, pageLoad: 300000, script: 30000}, unhandledPromptBehavior: dismiss and notify, webauthn:extension:credBlob: true, webauthn:extension:largeBlob: true, webauthn:extension:minPinLength: true, webauthn:extension:prf: true, webauthn:virtualAuthenticators: true}\nSession ID: c2403a76405c1acea1c8582010fe0839","trace":"org.openqa.selenium.NoSuchWindowException: no such window: target window already closed\nfrom unknown error: web view not found\n  (Session info: chrome=128.0.6613.84)\nBuild info: version: '4.20.0', revision: '866c76ca80'\nSystem info: os.name: 'Windows 11', os.arch: 'amd64', os.version: '10.0', java.version: '17.0.11'\nDriver info: org.openqa.selenium.chrome.ChromeDriver\nCommand: [c2403a76405c1acea1c8582010fe0839, findElement {value=//input[@formcontrolname='registerPin'], using=xpath}]\nCapabilities {acceptInsecureCerts: false, browserName: chrome, browserVersion: 128.0.6613.84, chrome: {chromedriverVersion: 128.0.6613.119 (6e439cfca4d..., userDataDir: C:\\WINDOWS\\TEMP\\scoped_dir2...}, fedcm:accounts: true, goog:chromeOptions: {debuggerAddress: localhost:59327}, networkConnectionEnabled: false, pageLoadStrategy: normal, platformName: windows, proxy: Proxy(), se:cdp: ws://localhost:59327/devtoo..., se:cdpVersion: 128.0.6613.84, setWindowRect: true, strictFileInteractability: false, timeouts: {implicit: 0, pageLoad: 300000, script: 30000}, unhandledPromptBehavior: dismiss and notify, webauthn:extension:credBlob: true, webauthn:extension:largeBlob: true, webauthn:extension:minPinLength: true, webauthn:extension:prf: true, webauthn:virtualAuthenticators: true}\nSession ID: c2403a76405c1acea1c8582010fe0839\r\n\tat java.base/jdk.internal.reflect.NativeConstructorAccessorImpl.newInstance0(Native Method)\r\n\tat java.base/jdk.internal.reflect.NativeConstructorAccessorImpl.newInstance(NativeConstructorAccessorImpl.java:77)\r\n\tat java.base/jdk.internal.reflect.DelegatingConstructorAccessorImpl.newInstance(DelegatingConstructorAccessorImpl.java:45)\r\n\tat java.base/java.lang.reflect.Constructor.newInstanceWithCaller(Constructor.java:499)\r\n\tat java.base/java.lang.reflect.Constructor.newInstance(Constructor.java:480)\r\n\tat org.openqa.selenium.remote.ErrorCodec.decode(ErrorCodec.java:167)\r\n\tat org.openqa.selenium.remote.codec.w3c.W3CHttpResponseCodec.decode(W3CHttpResponseCodec.java:138)\r\n\tat org.openqa.selenium.remote.codec.w3c.W3CHttpResponseCodec.decode(W3CHttpResponseCodec.java:50)\r\n\tat org.openqa.selenium.remote.HttpCommandExecutor.execute(HttpCommandExecutor.java:190)\r\n\tat org.openqa.selenium.remote.service.DriverCommandExecutor.invokeExecute(DriverCommandExecutor.java:216)\r\n\tat org.openqa.selenium.remote.service.DriverCommandExecutor.execute(DriverCommandExecutor.java:174)\r\n\tat org.openqa.selenium.remote.RemoteWebDriver.execute(RemoteWebDriver.java:518)\r\n\tat org.openqa.selenium.remote.ElementLocation$ElementFinder$2.findElement(ElementLocation.java:165)\r\n\tat org.openqa.selenium.remote.ElementLocation.findElement(ElementLocation.java:59)\r\n\tat org.openqa.selenium.remote.RemoteWebDriver.findElement(RemoteWebDriver.java:355)\r\n\tat org.openqa.selenium.remote.RemoteWebDriver.findElement(RemoteWebDriver.java:349)\r\n\tat org.openqa.selenium.support.pagefactory.DefaultElementLocator.findElement(DefaultElementLocator.java:68)\r\n\tat org.openqa.selenium.support.pagefactory.internal.LocatingElementHandler.invoke(LocatingElementHandler.java:38)\r\n\tat jdk.proxy2/jdk.proxy2.$Proxy37.getAttribute(Unknown Source)\r\n\tat org.Locators.AggregatorLocators.getRegisteredPincode(AggregatorLocators.java:1542)\r\n\tat org.Testcases.AggregatorOnboardingTestcases.thePincode_dropdown_should_prompt_to_select_valid_inputs(AggregatorOnboardingTestcases.java:963)\r\n\tat ✽.the \"Registered Pincode\" dropdown should prompt to select valid inputs(file:///C:/Users/DELL%207480/eclipse-workspace/MMSCredopay/src/test/resources/SystemUser-ISO.feature:59)\r\n"},"stage":"finished","steps":[],"attachments":[],"parameters":[],"start":1725435570413,"stop":1725435599186},{"name":"Then the \"Business Type\" dropdown should prompt to select valid inputs","status":"skipped","statusDetails":{"known":false,"muted":false,"flaky":false},"stage":"finished","steps":[],"attachments":[],"parameters":[],"start":1725435599199,"stop":1725435599200},{"name":"When the user selects a valid date in the \"Established Year\" field","status":"skipped","statusDetails":{"known":false,"muted":false,"flaky":false},"stage":"finished","steps":[],"attachments":[],"parameters":[],"start":1725435599202,"stop":1725435599202},{"name":"Then the \"Registered Number\" field should prompt to enter valid inputs using sheetname \"ISO Regression\" and rownumber 0","status":"skipped","statusDetails":{"known":false,"muted":false,"flaky":false},"stage":"finished","steps":[],"attachments":[],"parameters":[],"start":1725435599202,"stop":1725435599203},{"name":"Then the \"Company PAN\" field should prompt to enter valid inputs using sheetname \"ISO Regression\" and rownumber 0","status":"skipped","statusDetails":{"known":false,"muted":false,"flaky":false},"stage":"finished","steps":[],"attachments":[],"parameters":[],"start":1725435599204,"stop":1725435599205},{"name":"Then the \"GSTIN\" field should prompt to enter valid inputs using sheetname \"ISO Regression\" and rownumber 0","status":"skipped","statusDetails":{"known":false,"muted":false,"flaky":false},"stage":"finished","steps":[],"attachments":[],"parameters":[],"start":1725435599207,"stop":1725435599211},{"name":"Then the \"Statement Frequency\" dropdown should prompt to select valid inputs in Company Info","status":"skipped","statusDetails":{"known":false,"muted":false,"flaky":false},"stage":"finished","steps":[],"attachments":[],"parameters":[],"start":1725435599212,"stop":1725435599212},{"name":"Then the \"Statement Type\" dropdown should prompt to select valid inputs in Company Info","status":"skipped","statusDetails":{"known":false,"muted":false,"flaky":false},"stage":"finished","steps":[],"attachments":[],"parameters":[],"start":1725435599213,"stop":1725435599215},{"name":"Then the \"Email Domain\" field should prompt to enter valid inputs using sheetname \"ISO Regression\" and rownumber 0","status":"skipped","statusDetails":{"known":false,"muted":false,"flaky":false},"stage":"finished","steps":[],"attachments":[],"parameters":[],"start":1725435599215,"stop":1725435599216},{"name":"Then the \"Save\" button should be prompted to click on Company Info in ISO","status":"skipped","statusDetails":{"known":false,"muted":false,"flaky":false},"stage":"finished","steps":[],"attachments":[],"parameters":[],"start":1725435599218,"stop":1725435599219},{"name":"Then the \"NextStep\" button should be prompted to click on Company Info","status":"skipped","statusDetails":{"known":false,"muted":false,"flaky":false},"stage":"finished","steps":[],"attachments":[],"parameters":[],"start":1725435599220,"stop":1725435599223}],"attachments":[],"parameters":[],"start":1725435536270,"stop":1725435599235}