{"uuid":"7ed7d8b6-df8f-4d1d-87b8-8c193148dbc0","historyId":"f36749816e6c0d8e5a7480211e4c5e34","testCaseId":"b4c22d7fef95a3d2ca81ee0a18a4e453","fullName":"src/test/resources/SystemUser-Bank.feature:188","labels":[{"name":"host","value":"DESKTOP-FS5IQ2I"},{"name":"thread","value":"16152@DESKTOP-FS5IQ2I.main(1)"},{"name":"feature","value":"System Users - Bank Onboarding Regression"},{"name":"story","value":"System Maker can enter mandatory fields and click Next step in \"Webhook\" of Bank Onboarding"},{"name":"suite","value":"System Users - Bank Onboarding Regression"},{"name":"testClass","value":"System Maker can enter mandatory fields and click Next step in \"Webhook\" of Bank Onboarding"},{"name":"framework","value":"cucumber6jvm"},{"name":"language","value":"java"},{"name":"gherkin_uri","value":"file:///C:/Users/DELL%207480/eclipse-workspace/MMSCredopay/src/test/resources/SystemUser-Bank.feature"},{"name":"package","value":"src.test.resources.SystemUser-Bank_feature.System Users - Bank Onboarding Regression"}],"links":[],"name":"System Maker can enter mandatory fields and click Next step in \"Webhook\" of Bank Onboarding","status":"broken","statusDetails":{"known":false,"muted":false,"flaky":false,"message":"element click intercepted: Element <span class=\"mat-button-wrapper\">...</span> is not clickable at point (629, 625). Other element would receive the click: <div class=\"cdk-overlay-backdrop cdk-overlay-dark-backdrop cdk-overlay-backdrop-showing\"></div>\n  (Session info: chrome=128.0.6613.84)\nBuild info: version: '4.20.0', revision: '866c76ca80'\nSystem info: os.name: 'Windows 11', os.arch: 'amd64', os.version: '10.0', java.version: '17.0.11'\nDriver info: org.openqa.selenium.chrome.ChromeDriver\nCommand: [55f6b0f32d988089b2d2178f221ca022, clickElement {id=f.0E3C9680939E39EE30EA5DAD5BEAB680.d.3B3A01AE1DA385B37A98E6FC41407F60.e.40648}]\nCapabilities {acceptInsecureCerts: false, browserName: chrome, browserVersion: 128.0.6613.84, chrome: {chromedriverVersion: 128.0.6613.119 (6e439cfca4d..., userDataDir: C:\\WINDOWS\\TEMP\\scoped_dir2...}, fedcm:accounts: true, goog:chromeOptions: {debuggerAddress: localhost:50726}, networkConnectionEnabled: false, pageLoadStrategy: normal, platformName: windows, proxy: Proxy(), se:cdp: ws://localhost:50726/devtoo..., se:cdpVersion: 128.0.6613.84, setWindowRect: true, strictFileInteractability: false, timeouts: {implicit: 0, pageLoad: 300000, script: 30000}, unhandledPromptBehavior: dismiss and notify, webauthn:extension:credBlob: true, webauthn:extension:largeBlob: true, webauthn:extension:minPinLength: true, webauthn:extension:prf: true, webauthn:virtualAuthenticators: true}\nElement: [[ChromeDriver: chrome on windows (55f6b0f32d988089b2d2178f221ca022)] -> xpath: //span[text()=' Next Step ']]\nSession ID: 55f6b0f32d988089b2d2178f221ca022","trace":"org.openqa.selenium.ElementClickInterceptedException: element click intercepted: Element <span class=\"mat-button-wrapper\">...</span> is not clickable at point (629, 625). Other element would receive the click: <div class=\"cdk-overlay-backdrop cdk-overlay-dark-backdrop cdk-overlay-backdrop-showing\"></div>\n  (Session info: chrome=128.0.6613.84)\nBuild info: version: '4.20.0', revision: '866c76ca80'\nSystem info: os.name: 'Windows 11', os.arch: 'amd64', os.version: '10.0', java.version: '17.0.11'\nDriver info: org.openqa.selenium.chrome.ChromeDriver\nCommand: [55f6b0f32d988089b2d2178f221ca022, clickElement {id=f.0E3C9680939E39EE30EA5DAD5BEAB680.d.3B3A01AE1DA385B37A98E6FC41407F60.e.40648}]\nCapabilities {acceptInsecureCerts: false, browserName: chrome, browserVersion: 128.0.6613.84, chrome: {chromedriverVersion: 128.0.6613.119 (6e439cfca4d..., userDataDir: C:\\WINDOWS\\TEMP\\scoped_dir2...}, fedcm:accounts: true, goog:chromeOptions: {debuggerAddress: localhost:50726}, networkConnectionEnabled: false, pageLoadStrategy: normal, platformName: windows, proxy: Proxy(), se:cdp: ws://localhost:50726/devtoo..., se:cdpVersion: 128.0.6613.84, setWindowRect: true, strictFileInteractability: false, timeouts: {implicit: 0, pageLoad: 300000, script: 30000}, unhandledPromptBehavior: dismiss and notify, webauthn:extension:credBlob: true, webauthn:extension:largeBlob: true, webauthn:extension:minPinLength: true, webauthn:extension:prf: true, webauthn:virtualAuthenticators: true}\nElement: [[ChromeDriver: chrome on windows (55f6b0f32d988089b2d2178f221ca022)] -> xpath: //span[text()=' Next Step ']]\nSession ID: 55f6b0f32d988089b2d2178f221ca022\r\n\tat java.base/jdk.internal.reflect.NativeConstructorAccessorImpl.newInstance0(Native Method)\r\n\tat java.base/jdk.internal.reflect.NativeConstructorAccessorImpl.newInstance(NativeConstructorAccessorImpl.java:77)\r\n\tat java.base/jdk.internal.reflect.DelegatingConstructorAccessorImpl.newInstance(DelegatingConstructorAccessorImpl.java:45)\r\n\tat java.base/java.lang.reflect.Constructor.newInstanceWithCaller(Constructor.java:499)\r\n\tat java.base/java.lang.reflect.Constructor.newInstance(Constructor.java:480)\r\n\tat org.openqa.selenium.remote.ErrorCodec.decode(ErrorCodec.java:167)\r\n\tat org.openqa.selenium.remote.codec.w3c.W3CHttpResponseCodec.decode(W3CHttpResponseCodec.java:138)\r\n\tat org.openqa.selenium.remote.codec.w3c.W3CHttpResponseCodec.decode(W3CHttpResponseCodec.java:50)\r\n\tat org.openqa.selenium.remote.HttpCommandExecutor.execute(HttpCommandExecutor.java:190)\r\n\tat org.openqa.selenium.remote.service.DriverCommandExecutor.invokeExecute(DriverCommandExecutor.java:216)\r\n\tat org.openqa.selenium.remote.service.DriverCommandExecutor.execute(DriverCommandExecutor.java:174)\r\n\tat org.openqa.selenium.remote.RemoteWebDriver.execute(RemoteWebDriver.java:518)\r\n\tat org.openqa.selenium.remote.RemoteWebElement.execute(RemoteWebElement.java:223)\r\n\tat org.openqa.selenium.remote.RemoteWebElement.click(RemoteWebElement.java:76)\r\n\tat jdk.internal.reflect.GeneratedMethodAccessor98.invoke(Unknown Source)\r\n\tat java.base/jdk.internal.reflect.DelegatingMethodAccessorImpl.invoke(DelegatingMethodAccessorImpl.java:43)\r\n\tat java.base/java.lang.reflect.Method.invoke(Method.java:568)\r\n\tat org.openqa.selenium.support.pagefactory.internal.LocatingElementHandler.invoke(LocatingElementHandler.java:51)\r\n\tat jdk.proxy2/jdk.proxy2.$Proxy37.click(Unknown Source)\r\n\tat org.Locators.BankLocators.ClickOnNextStep(BankLocators.java:1005)\r\n\tat org.Testcases.BankOnboardingTestcases.the_nextstep_button_Should_be_prompted_to_clickOn_Webhooks(BankOnboardingTestcases.java:5774)\r\n\tat ✽.the \"NextStep\" button should be prompted to click on Webhooks(file:///C:/Users/DELL%207480/eclipse-workspace/MMSCredopay/src/test/resources/SystemUser-Bank.feature:194)\r\n"},"stage":"finished","description":" This feature aims to test the functionality of the 'BankOnboarding' within the application.","steps":[{"name":"When I visit the Webhooks","status":"passed","statusDetails":{"known":false,"muted":false,"flaky":false},"stage":"finished","steps":[],"attachments":[],"parameters":[],"start":1725373682354,"stop":1725373682489},{"name":"Then the Webhooks \"Add\" button should be prompted to click","status":"passed","statusDetails":{"known":false,"muted":false,"flaky":false},"stage":"finished","steps":[],"attachments":[],"parameters":[],"start":1725373682489,"stop":1725373685550},{"name":"Then the Webhooks \"Webhook Type\" dropdown should prompt to select valid inputs","status":"passed","statusDetails":{"known":false,"muted":false,"flaky":false},"stage":"finished","steps":[],"attachments":[{"name":"Input Data","source":"d0af7676-b026-4c9c-85fb-3c2b70bb360b-attachment.html","type":"text/html"}],"parameters":[],"start":1725373685551,"stop":1725373690870},{"name":"Then the Webhooks \"Webhook URL\" field should prompt to enter valid inputs using sheetname \"Bank Regression\" and rownumber 0","status":"passed","statusDetails":{"known":false,"muted":false,"flaky":false},"stage":"finished","steps":[],"attachments":[{"name":"Input Data","source":"3b5a3845-d766-4527-bc39-fa5f787b514e-attachment.html","type":"text/html"}],"parameters":[],"start":1725373690871,"stop":1725373698293},{"name":"Then the Webhooks \"Save\" button should be prompted to click","status":"passed","statusDetails":{"known":false,"muted":false,"flaky":false},"stage":"finished","steps":[],"attachments":[],"parameters":[],"start":1725373698294,"stop":1725373698413},{"name":"Then the \"NextStep\" button should be prompted to click on Webhooks","status":"broken","statusDetails":{"known":false,"muted":false,"flaky":false,"message":"element click intercepted: Element <span class=\"mat-button-wrapper\">...</span> is not clickable at point (629, 625). Other element would receive the click: <div class=\"cdk-overlay-backdrop cdk-overlay-dark-backdrop cdk-overlay-backdrop-showing\"></div>\n  (Session info: chrome=128.0.6613.84)\nBuild info: version: '4.20.0', revision: '866c76ca80'\nSystem info: os.name: 'Windows 11', os.arch: 'amd64', os.version: '10.0', java.version: '17.0.11'\nDriver info: org.openqa.selenium.chrome.ChromeDriver\nCommand: [55f6b0f32d988089b2d2178f221ca022, clickElement {id=f.0E3C9680939E39EE30EA5DAD5BEAB680.d.3B3A01AE1DA385B37A98E6FC41407F60.e.40648}]\nCapabilities {acceptInsecureCerts: false, browserName: chrome, browserVersion: 128.0.6613.84, chrome: {chromedriverVersion: 128.0.6613.119 (6e439cfca4d..., userDataDir: C:\\WINDOWS\\TEMP\\scoped_dir2...}, fedcm:accounts: true, goog:chromeOptions: {debuggerAddress: localhost:50726}, networkConnectionEnabled: false, pageLoadStrategy: normal, platformName: windows, proxy: Proxy(), se:cdp: ws://localhost:50726/devtoo..., se:cdpVersion: 128.0.6613.84, setWindowRect: true, strictFileInteractability: false, timeouts: {implicit: 0, pageLoad: 300000, script: 30000}, unhandledPromptBehavior: dismiss and notify, webauthn:extension:credBlob: true, webauthn:extension:largeBlob: true, webauthn:extension:minPinLength: true, webauthn:extension:prf: true, webauthn:virtualAuthenticators: true}\nElement: [[ChromeDriver: chrome on windows (55f6b0f32d988089b2d2178f221ca022)] -> xpath: //span[text()=' Next Step ']]\nSession ID: 55f6b0f32d988089b2d2178f221ca022","trace":"org.openqa.selenium.ElementClickInterceptedException: element click intercepted: Element <span class=\"mat-button-wrapper\">...</span> is not clickable at point (629, 625). Other element would receive the click: <div class=\"cdk-overlay-backdrop cdk-overlay-dark-backdrop cdk-overlay-backdrop-showing\"></div>\n  (Session info: chrome=128.0.6613.84)\nBuild info: version: '4.20.0', revision: '866c76ca80'\nSystem info: os.name: 'Windows 11', os.arch: 'amd64', os.version: '10.0', java.version: '17.0.11'\nDriver info: org.openqa.selenium.chrome.ChromeDriver\nCommand: [55f6b0f32d988089b2d2178f221ca022, clickElement {id=f.0E3C9680939E39EE30EA5DAD5BEAB680.d.3B3A01AE1DA385B37A98E6FC41407F60.e.40648}]\nCapabilities {acceptInsecureCerts: false, browserName: chrome, browserVersion: 128.0.6613.84, chrome: {chromedriverVersion: 128.0.6613.119 (6e439cfca4d..., userDataDir: C:\\WINDOWS\\TEMP\\scoped_dir2...}, fedcm:accounts: true, goog:chromeOptions: {debuggerAddress: localhost:50726}, networkConnectionEnabled: false, pageLoadStrategy: normal, platformName: windows, proxy: Proxy(), se:cdp: ws://localhost:50726/devtoo..., se:cdpVersion: 128.0.6613.84, setWindowRect: true, strictFileInteractability: false, timeouts: {implicit: 0, pageLoad: 300000, script: 30000}, unhandledPromptBehavior: dismiss and notify, webauthn:extension:credBlob: true, webauthn:extension:largeBlob: true, webauthn:extension:minPinLength: true, webauthn:extension:prf: true, webauthn:virtualAuthenticators: true}\nElement: [[ChromeDriver: chrome on windows (55f6b0f32d988089b2d2178f221ca022)] -> xpath: //span[text()=' Next Step ']]\nSession ID: 55f6b0f32d988089b2d2178f221ca022\r\n\tat java.base/jdk.internal.reflect.NativeConstructorAccessorImpl.newInstance0(Native Method)\r\n\tat java.base/jdk.internal.reflect.NativeConstructorAccessorImpl.newInstance(NativeConstructorAccessorImpl.java:77)\r\n\tat java.base/jdk.internal.reflect.DelegatingConstructorAccessorImpl.newInstance(DelegatingConstructorAccessorImpl.java:45)\r\n\tat java.base/java.lang.reflect.Constructor.newInstanceWithCaller(Constructor.java:499)\r\n\tat java.base/java.lang.reflect.Constructor.newInstance(Constructor.java:480)\r\n\tat org.openqa.selenium.remote.ErrorCodec.decode(ErrorCodec.java:167)\r\n\tat org.openqa.selenium.remote.codec.w3c.W3CHttpResponseCodec.decode(W3CHttpResponseCodec.java:138)\r\n\tat org.openqa.selenium.remote.codec.w3c.W3CHttpResponseCodec.decode(W3CHttpResponseCodec.java:50)\r\n\tat org.openqa.selenium.remote.HttpCommandExecutor.execute(HttpCommandExecutor.java:190)\r\n\tat org.openqa.selenium.remote.service.DriverCommandExecutor.invokeExecute(DriverCommandExecutor.java:216)\r\n\tat org.openqa.selenium.remote.service.DriverCommandExecutor.execute(DriverCommandExecutor.java:174)\r\n\tat org.openqa.selenium.remote.RemoteWebDriver.execute(RemoteWebDriver.java:518)\r\n\tat org.openqa.selenium.remote.RemoteWebElement.execute(RemoteWebElement.java:223)\r\n\tat org.openqa.selenium.remote.RemoteWebElement.click(RemoteWebElement.java:76)\r\n\tat jdk.internal.reflect.GeneratedMethodAccessor98.invoke(Unknown Source)\r\n\tat java.base/jdk.internal.reflect.DelegatingMethodAccessorImpl.invoke(DelegatingMethodAccessorImpl.java:43)\r\n\tat java.base/java.lang.reflect.Method.invoke(Method.java:568)\r\n\tat org.openqa.selenium.support.pagefactory.internal.LocatingElementHandler.invoke(LocatingElementHandler.java:51)\r\n\tat jdk.proxy2/jdk.proxy2.$Proxy37.click(Unknown Source)\r\n\tat org.Locators.BankLocators.ClickOnNextStep(BankLocators.java:1005)\r\n\tat org.Testcases.BankOnboardingTestcases.the_nextstep_button_Should_be_prompted_to_clickOn_Webhooks(BankOnboardingTestcases.java:5774)\r\n\tat ✽.the \"NextStep\" button should be prompted to click on Webhooks(file:///C:/Users/DELL%207480/eclipse-workspace/MMSCredopay/src/test/resources/SystemUser-Bank.feature:194)\r\n"},"stage":"finished","steps":[],"attachments":[],"parameters":[],"start":1725373698414,"stop":1725373701817}],"attachments":[],"parameters":[],"start":1725373682351,"stop":1725373701830}