{"uuid":"91aa787f-d53d-4820-97fb-d0f29f360297","historyId":"81bca6198a00d0b7ccae8348b4ad0272","testCaseId":"1b56428e4bdd887f8d64f08c5061d613","fullName":"src/test/resources/SystemUser-ISO.feature:54","labels":[{"name":"host","value":"DESKTOP-FS5IQ2I"},{"name":"thread","value":"20344@DESKTOP-FS5IQ2I.main(1)"},{"name":"feature","value":"System Users - ISO Onboarding Regression"},{"name":"story","value":"System Maker can enter mandatory fields and click Next step in \"Company Info\" of Aggregator Onboarding"},{"name":"suite","value":"System Users - ISO Onboarding Regression"},{"name":"testClass","value":"System Maker can enter mandatory fields and click Next step in \"Company Info\" of Aggregator Onboarding"},{"name":"framework","value":"cucumber6jvm"},{"name":"language","value":"java"},{"name":"gherkin_uri","value":"file:///C:/Users/DELL%207480/eclipse-workspace/MMSCredopay/src/test/resources/SystemUser-ISO.feature"},{"name":"package","value":"src.test.resources.SystemUser-ISO_feature.System Users - ISO Onboarding Regression"}],"links":[],"name":"System Maker can enter mandatory fields and click Next step in \"Company Info\" of Aggregator Onboarding","status":"broken","statusDetails":{"known":false,"muted":false,"flaky":false,"message":"element click intercepted: Element <span _ngcontent-xfh-c508=\"\" class=\"step\">...</span> is not clickable at point (337, 161). Other element would receive the click: <div _ngcontent-xfh-c436=\"\" class=\"loading ng-star-inserted\">...</div>\n  (Session info: chrome=128.0.6613.84)\nBuild info: version: '4.20.0', revision: '866c76ca80'\nSystem info: os.name: 'Windows 11', os.arch: 'amd64', os.version: '10.0', java.version: '17.0.11'\nDriver info: org.openqa.selenium.chrome.ChromeDriver\nCommand: [f1b89b0843a63a572bd0d6c27c6b7514, clickElement {id=f.F01E19707F47AFCF1FE074C7EFEB0417.d.BC563353C79B1E3FBD62200383698D76.e.4701}]\nCapabilities {acceptInsecureCerts: false, browserName: chrome, browserVersion: 128.0.6613.84, chrome: {chromedriverVersion: 128.0.6613.119 (6e439cfca4d..., userDataDir: C:\\WINDOWS\\TEMP\\scoped_dir9...}, fedcm:accounts: true, goog:chromeOptions: {debuggerAddress: localhost:58996}, networkConnectionEnabled: false, pageLoadStrategy: normal, platformName: windows, proxy: Proxy(), se:cdp: ws://localhost:58996/devtoo..., se:cdpVersion: 128.0.6613.84, setWindowRect: true, strictFileInteractability: false, timeouts: {implicit: 0, pageLoad: 300000, script: 30000}, unhandledPromptBehavior: dismiss and notify, webauthn:extension:credBlob: true, webauthn:extension:largeBlob: true, webauthn:extension:minPinLength: true, webauthn:extension:prf: true, webauthn:virtualAuthenticators: true}\nElement: [[ChromeDriver: chrome on windows (f1b89b0843a63a572bd0d6c27c6b7514)] -> xpath: //span[text()='Company Info']]\nSession ID: f1b89b0843a63a572bd0d6c27c6b7514","trace":"org.openqa.selenium.ElementClickInterceptedException: element click intercepted: Element <span _ngcontent-xfh-c508=\"\" class=\"step\">...</span> is not clickable at point (337, 161). Other element would receive the click: <div _ngcontent-xfh-c436=\"\" class=\"loading ng-star-inserted\">...</div>\n  (Session info: chrome=128.0.6613.84)\nBuild info: version: '4.20.0', revision: '866c76ca80'\nSystem info: os.name: 'Windows 11', os.arch: 'amd64', os.version: '10.0', java.version: '17.0.11'\nDriver info: org.openqa.selenium.chrome.ChromeDriver\nCommand: [f1b89b0843a63a572bd0d6c27c6b7514, clickElement {id=f.F01E19707F47AFCF1FE074C7EFEB0417.d.BC563353C79B1E3FBD62200383698D76.e.4701}]\nCapabilities {acceptInsecureCerts: false, browserName: chrome, browserVersion: 128.0.6613.84, chrome: {chromedriverVersion: 128.0.6613.119 (6e439cfca4d..., userDataDir: C:\\WINDOWS\\TEMP\\scoped_dir9...}, fedcm:accounts: true, goog:chromeOptions: {debuggerAddress: localhost:58996}, networkConnectionEnabled: false, pageLoadStrategy: normal, platformName: windows, proxy: Proxy(), se:cdp: ws://localhost:58996/devtoo..., se:cdpVersion: 128.0.6613.84, setWindowRect: true, strictFileInteractability: false, timeouts: {implicit: 0, pageLoad: 300000, script: 30000}, unhandledPromptBehavior: dismiss and notify, webauthn:extension:credBlob: true, webauthn:extension:largeBlob: true, webauthn:extension:minPinLength: true, webauthn:extension:prf: true, webauthn:virtualAuthenticators: true}\nElement: [[ChromeDriver: chrome on windows (f1b89b0843a63a572bd0d6c27c6b7514)] -> xpath: //span[text()='Company Info']]\nSession ID: f1b89b0843a63a572bd0d6c27c6b7514\r\n\tat java.base/jdk.internal.reflect.NativeConstructorAccessorImpl.newInstance0(Native Method)\r\n\tat java.base/jdk.internal.reflect.NativeConstructorAccessorImpl.newInstance(NativeConstructorAccessorImpl.java:77)\r\n\tat java.base/jdk.internal.reflect.DelegatingConstructorAccessorImpl.newInstance(DelegatingConstructorAccessorImpl.java:45)\r\n\tat java.base/java.lang.reflect.Constructor.newInstanceWithCaller(Constructor.java:499)\r\n\tat java.base/java.lang.reflect.Constructor.newInstance(Constructor.java:480)\r\n\tat org.openqa.selenium.remote.ErrorCodec.decode(ErrorCodec.java:167)\r\n\tat org.openqa.selenium.remote.codec.w3c.W3CHttpResponseCodec.decode(W3CHttpResponseCodec.java:138)\r\n\tat org.openqa.selenium.remote.codec.w3c.W3CHttpResponseCodec.decode(W3CHttpResponseCodec.java:50)\r\n\tat org.openqa.selenium.remote.HttpCommandExecutor.execute(HttpCommandExecutor.java:190)\r\n\tat org.openqa.selenium.remote.service.DriverCommandExecutor.invokeExecute(DriverCommandExecutor.java:216)\r\n\tat org.openqa.selenium.remote.service.DriverCommandExecutor.execute(DriverCommandExecutor.java:174)\r\n\tat org.openqa.selenium.remote.RemoteWebDriver.execute(RemoteWebDriver.java:518)\r\n\tat org.openqa.selenium.remote.RemoteWebElement.execute(RemoteWebElement.java:223)\r\n\tat org.openqa.selenium.remote.RemoteWebElement.click(RemoteWebElement.java:76)\r\n\tat java.base/jdk.internal.reflect.NativeMethodAccessorImpl.invoke0(Native Method)\r\n\tat java.base/jdk.internal.reflect.NativeMethodAccessorImpl.invoke(NativeMethodAccessorImpl.java:77)\r\n\tat java.base/jdk.internal.reflect.DelegatingMethodAccessorImpl.invoke(DelegatingMethodAccessorImpl.java:43)\r\n\tat java.base/java.lang.reflect.Method.invoke(Method.java:568)\r\n\tat org.openqa.selenium.support.pagefactory.internal.LocatingElementHandler.invoke(LocatingElementHandler.java:51)\r\n\tat jdk.proxy2/jdk.proxy2.$Proxy37.click(Unknown Source)\r\n\tat org.Locators.AggregatorLocators.ClickOnCompanyInfo(AggregatorLocators.java:680)\r\n\tat org.Testcases.AggregatorOnboardingTestcases.CompanyInfo(AggregatorOnboardingTestcases.java:527)\r\n\tat ✽.I Visit the Company Info(file:///C:/Users/DELL%207480/eclipse-workspace/MMSCredopay/src/test/resources/SystemUser-ISO.feature:55)\r\n"},"stage":"finished","description":" This feature aims to test the functionality of the 'ISO Onboarding' within the application.","steps":[{"name":"When I Visit the Company Info","status":"broken","statusDetails":{"known":false,"muted":false,"flaky":false,"message":"element click intercepted: Element <span _ngcontent-xfh-c508=\"\" class=\"step\">...</span> is not clickable at point (337, 161). Other element would receive the click: <div _ngcontent-xfh-c436=\"\" class=\"loading ng-star-inserted\">...</div>\n  (Session info: chrome=128.0.6613.84)\nBuild info: version: '4.20.0', revision: '866c76ca80'\nSystem info: os.name: 'Windows 11', os.arch: 'amd64', os.version: '10.0', java.version: '17.0.11'\nDriver info: org.openqa.selenium.chrome.ChromeDriver\nCommand: [f1b89b0843a63a572bd0d6c27c6b7514, clickElement {id=f.F01E19707F47AFCF1FE074C7EFEB0417.d.BC563353C79B1E3FBD62200383698D76.e.4701}]\nCapabilities {acceptInsecureCerts: false, browserName: chrome, browserVersion: 128.0.6613.84, chrome: {chromedriverVersion: 128.0.6613.119 (6e439cfca4d..., userDataDir: C:\\WINDOWS\\TEMP\\scoped_dir9...}, fedcm:accounts: true, goog:chromeOptions: {debuggerAddress: localhost:58996}, networkConnectionEnabled: false, pageLoadStrategy: normal, platformName: windows, proxy: Proxy(), se:cdp: ws://localhost:58996/devtoo..., se:cdpVersion: 128.0.6613.84, setWindowRect: true, strictFileInteractability: false, timeouts: {implicit: 0, pageLoad: 300000, script: 30000}, unhandledPromptBehavior: dismiss and notify, webauthn:extension:credBlob: true, webauthn:extension:largeBlob: true, webauthn:extension:minPinLength: true, webauthn:extension:prf: true, webauthn:virtualAuthenticators: true}\nElement: [[ChromeDriver: chrome on windows (f1b89b0843a63a572bd0d6c27c6b7514)] -> xpath: //span[text()='Company Info']]\nSession ID: f1b89b0843a63a572bd0d6c27c6b7514","trace":"org.openqa.selenium.ElementClickInterceptedException: element click intercepted: Element <span _ngcontent-xfh-c508=\"\" class=\"step\">...</span> is not clickable at point (337, 161). Other element would receive the click: <div _ngcontent-xfh-c436=\"\" class=\"loading ng-star-inserted\">...</div>\n  (Session info: chrome=128.0.6613.84)\nBuild info: version: '4.20.0', revision: '866c76ca80'\nSystem info: os.name: 'Windows 11', os.arch: 'amd64', os.version: '10.0', java.version: '17.0.11'\nDriver info: org.openqa.selenium.chrome.ChromeDriver\nCommand: [f1b89b0843a63a572bd0d6c27c6b7514, clickElement {id=f.F01E19707F47AFCF1FE074C7EFEB0417.d.BC563353C79B1E3FBD62200383698D76.e.4701}]\nCapabilities {acceptInsecureCerts: false, browserName: chrome, browserVersion: 128.0.6613.84, chrome: {chromedriverVersion: 128.0.6613.119 (6e439cfca4d..., userDataDir: C:\\WINDOWS\\TEMP\\scoped_dir9...}, fedcm:accounts: true, goog:chromeOptions: {debuggerAddress: localhost:58996}, networkConnectionEnabled: false, pageLoadStrategy: normal, platformName: windows, proxy: Proxy(), se:cdp: ws://localhost:58996/devtoo..., se:cdpVersion: 128.0.6613.84, setWindowRect: true, strictFileInteractability: false, timeouts: {implicit: 0, pageLoad: 300000, script: 30000}, unhandledPromptBehavior: dismiss and notify, webauthn:extension:credBlob: true, webauthn:extension:largeBlob: true, webauthn:extension:minPinLength: true, webauthn:extension:prf: true, webauthn:virtualAuthenticators: true}\nElement: [[ChromeDriver: chrome on windows (f1b89b0843a63a572bd0d6c27c6b7514)] -> xpath: //span[text()='Company Info']]\nSession ID: f1b89b0843a63a572bd0d6c27c6b7514\r\n\tat java.base/jdk.internal.reflect.NativeConstructorAccessorImpl.newInstance0(Native Method)\r\n\tat java.base/jdk.internal.reflect.NativeConstructorAccessorImpl.newInstance(NativeConstructorAccessorImpl.java:77)\r\n\tat java.base/jdk.internal.reflect.DelegatingConstructorAccessorImpl.newInstance(DelegatingConstructorAccessorImpl.java:45)\r\n\tat java.base/java.lang.reflect.Constructor.newInstanceWithCaller(Constructor.java:499)\r\n\tat java.base/java.lang.reflect.Constructor.newInstance(Constructor.java:480)\r\n\tat org.openqa.selenium.remote.ErrorCodec.decode(ErrorCodec.java:167)\r\n\tat org.openqa.selenium.remote.codec.w3c.W3CHttpResponseCodec.decode(W3CHttpResponseCodec.java:138)\r\n\tat org.openqa.selenium.remote.codec.w3c.W3CHttpResponseCodec.decode(W3CHttpResponseCodec.java:50)\r\n\tat org.openqa.selenium.remote.HttpCommandExecutor.execute(HttpCommandExecutor.java:190)\r\n\tat org.openqa.selenium.remote.service.DriverCommandExecutor.invokeExecute(DriverCommandExecutor.java:216)\r\n\tat org.openqa.selenium.remote.service.DriverCommandExecutor.execute(DriverCommandExecutor.java:174)\r\n\tat org.openqa.selenium.remote.RemoteWebDriver.execute(RemoteWebDriver.java:518)\r\n\tat org.openqa.selenium.remote.RemoteWebElement.execute(RemoteWebElement.java:223)\r\n\tat org.openqa.selenium.remote.RemoteWebElement.click(RemoteWebElement.java:76)\r\n\tat java.base/jdk.internal.reflect.NativeMethodAccessorImpl.invoke0(Native Method)\r\n\tat java.base/jdk.internal.reflect.NativeMethodAccessorImpl.invoke(NativeMethodAccessorImpl.java:77)\r\n\tat java.base/jdk.internal.reflect.DelegatingMethodAccessorImpl.invoke(DelegatingMethodAccessorImpl.java:43)\r\n\tat java.base/java.lang.reflect.Method.invoke(Method.java:568)\r\n\tat org.openqa.selenium.support.pagefactory.internal.LocatingElementHandler.invoke(LocatingElementHandler.java:51)\r\n\tat jdk.proxy2/jdk.proxy2.$Proxy37.click(Unknown Source)\r\n\tat org.Locators.AggregatorLocators.ClickOnCompanyInfo(AggregatorLocators.java:680)\r\n\tat org.Testcases.AggregatorOnboardingTestcases.CompanyInfo(AggregatorOnboardingTestcases.java:527)\r\n\tat ✽.I Visit the Company Info(file:///C:/Users/DELL%207480/eclipse-workspace/MMSCredopay/src/test/resources/SystemUser-ISO.feature:55)\r\n"},"stage":"finished","steps":[],"attachments":[],"parameters":[],"start":1725434575980,"stop":1725434584563},{"name":"Then the \"Legal Name\" field should prompt to enter valid inputs using sheetname \"ISO Regression\" and rownumber 0","status":"skipped","statusDetails":{"known":false,"muted":false,"flaky":false},"stage":"finished","steps":[],"attachments":[],"parameters":[],"start":1725434584588,"stop":1725434584592},{"name":"Then the \"Brand Name\" field should prompt to enter valid inputs using sheetname \"ISO Regression\" and rownumber 0","status":"skipped","statusDetails":{"known":false,"muted":false,"flaky":false},"stage":"finished","steps":[],"attachments":[],"parameters":[],"start":1725434584593,"stop":1725434584594},{"name":"Then the \"Registered Address\" field should prompt to enter valid inputs within 230 characters using sheetname \"ISO Regression\" and rownumber 0","status":"skipped","statusDetails":{"known":false,"muted":false,"flaky":false},"stage":"finished","steps":[],"attachments":[],"parameters":[],"start":1725434584595,"stop":1725434584596},{"name":"Then the \"Registered Pincode\" dropdown should prompt to select valid inputs","status":"skipped","statusDetails":{"known":false,"muted":false,"flaky":false},"stage":"finished","steps":[],"attachments":[],"parameters":[],"start":1725434584597,"stop":1725434584598},{"name":"Then the \"Business Type\" dropdown should prompt to select valid inputs","status":"skipped","statusDetails":{"known":false,"muted":false,"flaky":false},"stage":"finished","steps":[],"attachments":[],"parameters":[],"start":1725434584599,"stop":1725434584603},{"name":"When the user selects a valid date in the \"Established Year\" field","status":"skipped","statusDetails":{"known":false,"muted":false,"flaky":false},"stage":"finished","steps":[],"attachments":[],"parameters":[],"start":1725434584606,"stop":1725434584611},{"name":"Then the \"Registered Number\" field should prompt to enter valid inputs using sheetname \"ISO Regression\" and rownumber 0","status":"skipped","statusDetails":{"known":false,"muted":false,"flaky":false},"stage":"finished","steps":[],"attachments":[],"parameters":[],"start":1725434584612,"stop":1725434584613},{"name":"Then the \"Company PAN\" field should prompt to enter valid inputs using sheetname \"ISO Regression\" and rownumber 0","status":"skipped","statusDetails":{"known":false,"muted":false,"flaky":false},"stage":"finished","steps":[],"attachments":[],"parameters":[],"start":1725434584614,"stop":1725434584615},{"name":"Then the \"GSTIN\" field should prompt to enter valid inputs using sheetname \"ISO Regression\" and rownumber 0","status":"skipped","statusDetails":{"known":false,"muted":false,"flaky":false},"stage":"finished","steps":[],"attachments":[],"parameters":[],"start":1725434584615,"stop":1725434584617},{"name":"Then the \"Statement Frequency\" dropdown should prompt to select valid inputs in Company Info","status":"skipped","statusDetails":{"known":false,"muted":false,"flaky":false},"stage":"finished","steps":[],"attachments":[],"parameters":[],"start":1725434584625,"stop":1725434584626},{"name":"Then the \"Statement Type\" dropdown should prompt to select valid inputs in Company Info","status":"skipped","statusDetails":{"known":false,"muted":false,"flaky":false},"stage":"finished","steps":[],"attachments":[],"parameters":[],"start":1725434584628,"stop":1725434584629},{"name":"Then the \"Email Domain\" field should prompt to enter valid inputs using sheetname \"ISO Regression\" and rownumber 0","status":"skipped","statusDetails":{"known":false,"muted":false,"flaky":false},"stage":"finished","steps":[],"attachments":[],"parameters":[],"start":1725434584631,"stop":1725434584632},{"name":"Then the \"Save\" button should be prompted to click on Company Info in ISO","status":"skipped","statusDetails":{"known":false,"muted":false,"flaky":false},"stage":"finished","steps":[],"attachments":[],"parameters":[],"start":1725434584638,"stop":1725434584639},{"name":"Then the \"NextStep\" button should be prompted to click on Company Info","status":"skipped","statusDetails":{"known":false,"muted":false,"flaky":false},"stage":"finished","steps":[],"attachments":[],"parameters":[],"start":1725434584640,"stop":1725434584643}],"attachments":[],"parameters":[],"start":1725434575967,"stop":1725434584655}